<?xml version="1.0" encoding="UTF-8"?>
<testsuite name="Tests" tests="1" skipped="0" failures="0" errors="0" timestamp="2023-12-06T14:05:54" hostname="Chris-Mac.local" time="0.057">
  <properties/>
  <testcase name="testDay6()" classname="Tests" time="0.057"/>
  <system-out><![CDATA[]]></system-out>
  <system-err><![CDATA[]]></system-err>
</testsuite>
